python3 check_dims.py ../print/files
part                         X       Y       Z  <=250 grounded  check
------------------------------------------------------------------------------------
floor-tile              158.00  158.00    3.00    yes      yes  tile thickness t3 (X/Y 150 body + 8 dovetail): 3.00 vs 3.0 OK
stand-clips             100.00   81.60   80.00    yes      yes  
wall-blackboard         150.00  136.99    5.00    yes      yes  panel 150: 150.00 vs 150.0 OK
wall-board              150.00  136.99    6.50    yes      yes  panel 150: 150.00 vs 150.0 OK
wall-window             150.00  136.99    5.00    yes      yes  panel 150: 150.00 vs 150.0 OK
base                    250.00  183.00   45.00    yes      yes  board width 250: 250.00 vs 250.0 OK
crank                   152.50   25.50   44.00    yes      yes  
diffuser                152.00  152.00   23.20    yes      yes  
gondola                  68.00   72.00   77.00    yes      yes  
hub                      80.00   80.00   25.00    yes      yes  hub height 25: 25.00 vs 25.0 OK
rim-segment             158.00  150.00   20.00    yes      yes  rim outer radius 150 (Y; X carries the tenon): 150.00 vs 150.0 OK
tower-lower             122.00   30.00  168.00    yes      yes  
tower-upper              86.62   30.00  145.00    yes      yes  
mini-adapter-atomcat     45.20   57.20   17.00    yes      yes  
mini-adapter-minimal     49.20   61.20   17.00    yes      yes  
------------------------------------------------------------------------------------
ALL OK
